This is METAFONT, Version 2.71828182 (preloaded base=mf 2025.8.19)  21 AUG 2025 16:03
**default/acquia_connector.settings.yml default/admin_toolbar_search.settings.y
ml default/admin_toolbar.settings.yml default/admin_toolbar_tools.settings.yml 
default/auto_entitylabel.settings.node.osu_profile.yml default/block.block.clar
o_breadcrumbs.yml default/block.block.claro_content.yml default/block.block.cla
ro_help.yml default/block.block.claro_local_actions.yml default/block.block.cla
ro_messages.yml default/block.block.claro_page_title.yml default/block.block.cl
aro_primary_local_tasks.yml default/block.block.claro_search_help.yml default/b
lock.block.claro_secondary_local_tasks.yml default/block.block.doug_fir_system_
main.yml default/block.block.madrone_breadcrumbs.yml default/block.block.madron
e_groupmenu.yml default/block.block.madrone_groupoperations.yml default/block.b
lock.madrone_help.yml default/block.block.madrone_local_actions.yml default/blo
ck.block.madrone_local_tasks.yml default/block.block.madrone_main_menu.yml defa
ult/block.block.madrone_messages.yml default/block.block.madrone_page_title.yml
 default/block.block.madrone_search.yml default/block.block.madrone_sitebrandin
g.yml default/block.block.stable9_breadcrumbs.yml default/block.block.stable9_c
ontent.yml default/block.block.stable9_help.yml default/block.block.stable9_loc
al_actions.yml default/block.block.stable9_local_tasks.yml default/block.block.
stable9_main_menu.yml default/block.block.stable9_messages.yml default/block.bl
ock.stable9_page_title.yml default/block.block.stable9_search.yml default/block
.block.stable9_sitebranding.yml default/block_class.settings.yml default/block_
content.type.basic.yml default/block_content.type.osu_accordion.yml default/blo
ck_content.type.osu_card.yml default/block_content.type.osu_menu_bar_item.yml d
efault/block_content.type.paragraph_block.yml default/block_visibility_groups.b
lock_visibility_group.dashboard_authenticated.yml default/block_visibility_grou
ps.block_visibility_group.dashboard_global_admin.yml default/block_visibility_g
roups.block_visibility_group.dashboard_group_user.yml default/block_visibility_
groups.block_visibility_group.default_video.yml default/block_visibility_groups
.block_visibility_group.directory_layout.yml default/block_visibility_groups.bl
ock_visibility_group.feature_story.yml default/block_visibility_groups.block_vi
sibility_group.front_page.yml default/block_visibility_groups.block_visibility_
group.group_directory_layout.yml default/block_visibility_groups.block_visibili
ty_group.group.yml default/block_visibility_groups.block_visibility_group.landi
ng_page_child_unit.yml default/block_visibility_groups.block_visibility_group.m
ain_sub_pages.yml default/block_visibility_groups.block_visibility_group.site_f
ront_page.yml default/block_visibility_groups.block_visibility_group.sitewide.y
ml default/block_visibility_groups.block_visibility_group.unit_media.yml defaul
t/block_visibility_groups.block_visibility_group.user_layout.yml default/bootst
rap_layout_builder.breakpoint.desktop.yml default/bootstrap_layout_builder.brea
kpoint.extra_wide_desktop.yml default/bootstrap_layout_builder.breakpoint.mobil
e.yml default/bootstrap_layout_builder.breakpoint.tablet.yml default/bootstrap_
layout_builder.breakpoint.wide_desktop.yml default/bootstrap_layout_builder.lay
out.blb_col_10.yml default/bootstrap_layout_builder.layout.blb_col_11.yml defau
lt/bootstrap_layout_builder.layout.blb_col_12.yml default/bootstrap_layout_buil
der.layout.blb_col_1.yml default/bootstrap_layout_builder.layout.blb_col_2.yml 
default/bootstrap_layout_builder.layout.blb_col_3.yml default/bootstrap_layout_
builder.layout.blb_col_4.yml default/bootstrap_layout_builder.layout.blb_col_5.
yml default/bootstrap_layout_builder.layout.blb_col_6.yml default/bootstrap_lay
out_builder.layout.blb_col_7.yml default/bootstrap_layout_builder.layout.blb_co
l_8.yml default/bootstrap_layout_builder.layout.blb_col_9.yml default/bootstrap
_layout_builder.layout_option.blb_col_1_full_width.yml default/bootstrap_layout
_builder.layout_option.blb_col_2_25_75.yml default/bootstrap_layout_builder.lay
out_option.blb_col_2_33_67.yml default/bootstrap_layout_builder.layout_option.b
lb_col_2_67_33.yml default/bootstrap_layout_builder.layout_option.blb_col_2_75_
25.yml default/bootstrap_layout_builder.layout_option.blb_col_2_full_width.yml 
default/bootstrap_layout_builder.layout_option.blb_col_2_two_equal_columns.yml 
default/bootstrap_layout_builder.layout_option.blb_col_3_25_25_50.yml default/b
ootstrap_layout_builder.layout_option.blb_col_3_25_50_25.yml default/bootstrap_
layout_builder.layout_option.blb_col_3_50_25_25.yml default/bootstrap_layout_bu
ilder.layout_option.blb_col_3_full_width.yml default/bootstrap_layout_builder.l
ayout_option.blb_col_3_three_equal_columns.yml default/bootstrap_layout_builder
.layout_option.blb_col_4_2_4_2_4.yml default/bootstrap_layout_builder.layout_op
tion.blb_col_4_2_4_4_2.yml default/bootstrap_layout_builder.layout_option.blb_c
ol_4_4_2_2_4.yml default/bootstrap_layout_builder.layout_option.blb_col_4_4_4_2
_2.yml default/bootstrap_layout_builder.layout_option.blb_col_4_four_equal_colu
mns.yml default/bootstrap_layout_builder.layout_option.blb_col_4_full_width.yml
 default/bootstrap_layout_builder.layout_option.blb_col_5_2_2_2_2_4.yml default
/bootstrap_layout_builder.layout_option.blb_col_5_2_2_2_4_2.yml default/bootstr
ap_layout_builder.layout_option.blb_col_5_2_2_4_2_2.yml default/bootstrap_layou
t_builder.layout_option.blb_col_5_2_4_2_2_2.yml default/bootstrap_layout_builde
r.layout_option.blb_col_5_4_2_2_2_2.yml default/bootstrap_layout_builder.layout
_option.blb_col_5_full_width.yml default/bootstrap_layout_builder.layout_option
.blb_col_6_full_width.yml default/bootstrap_layout_builder.layout_option.blb_co
l_6_six_equal_columns.yml default/bootstrap_layout_builder.settings.yml default
/bootstrap_styles.settings.yml default/captcha.captcha_point.contact_message_fe
edback_form.yml default/captcha.captcha_point.contact_message_personal_form.yml
 default/captcha.captcha_point.user_login_form.yml default/captcha.captcha_poin
t.user_pass.yml default/captcha.captcha_point.user_register_form.yml default/ca
ptcha.settings.yml default/cas_attributes.settings.yml default/cas.settings.yml
 default/charts.settings.yml default/ckeditor_scayt.config.yml default/claro.se
ttings.yml default/colorbox.settings.yml default/core.base_field_override.node.
osu_simple_tabs.promote.yml default/core.base_field_override.node.page.promote.
yml default/core.base_field_override.node.webform.promote.yml default/core.date
_format.fallback.yml default/core.date_format.html_datetime.yml default/core.da
te_format.html_date.yml default/core.date_format.html_month.yml default/core.da
te_format.html_time.yml default/core.date_format.html_week.yml default/core.dat
e_format.html_yearless_date.yml default/core.date_format.html_year.yml default/
core.date_format.long.yml default/core.date_format.medium.yml default/core.date
_format.short.yml default/core.entity_form_display.block_content.basic.default.
yml default/core.entity_form_display.block_content.osu_accordion.default.yml de
fault/core.entity_form_display.block_content.osu_card.default.yml default/core.
entity_form_display.block_content.osu_menu_bar_item.default.yml default/core.en
tity_form_display.block_content.paragraph_block.default.yml default/core.entity
_form_display.group.basic_group.default.yml default/core.entity_form_display.gr
oup_content.basic_group-group_membership.default.yml default/core.entity_form_d
isplay.media.audio.default.yml default/core.entity_form_display.media.audio.med
ia_library.yml default/core.entity_form_display.media.document.default.yml defa
ult/core.entity_form_display.media.document.media_library.yml default/core.enti
ty_form_display.media.image.default.yml default/core.entity_form_display.media.
image.media_library.yml default/core.entity_form_display.media.kaltura.default.
yml default/core.entity_form_display.media.kaltura.media_library.yml default/co
re.entity_form_display.media.local_video.default.yml default/core.entity_form_d
isplay.media.local_video.media_library.yml default/core.entity_form_display.med
ia.remote_video.default.yml default/core.entity_form_display.media.remote_video
.media_library.yml default/core.entity_form_display.node.osu_profile.default.ym
l default/core.entity_form_display.node.osu_simple_tabs.default.yml default/cor
e.entity_form_display.node.page.default.yml default/core.entity_form_display.no
de.story.default.yml default/core.entity_form_display.node.webform.default.yml 
default/core.entity_form_display.paragraph.osu_accordion_item.default.yml defau
lt/core.entity_form_display.paragraph.osu_accordion_section.default.yml default
/core.entity_form_display.user.user.default.yml default/core.entity_form_mode.m
edia.media_library.yml default/core.entity_form_mode.user.register.yml default/
core.entity_view_display.block_content.basic.default.yml default/core.entity_vi
ew_display.block_content.osu_accordion.default.yml default/core.entity_view_dis
play.block_content.osu_card.default.yml default/core.entity_view_display.block_
content.osu_card.full_image.yml default/core.entity_view_display.block_content.
osu_menu_bar_item.default.yml default/core.entity_view_display.block_content.pa
ragraph_block.default.yml default/core.entity_view_display.group.basic_group.de
fault.yml default/core.entity_view_display.group_content.basic_group-group_memb
ership.default.yml default/core.entity_view_display.media.audio.default.yml def
ault/core.entity_view_display.media.audio.media_library.yml default/core.entity
_view_display.media.document.default.yml default/core.entity_view_display.media
.document.media_library.yml default/core.entity_view_display.media.image.1400x9
00.yml default/core.entity_view_display.media.image.400x375.yml default/core.en
tity_view_display.media.image.800x450.yml default/core.entity_view_display.medi
a.image.default.yml default/core.entity_view_display.media.image.fluid_image.ym
l default/core.entity_view_display.media.image.frameless.yml default/core.entit
y_view_display.media.image.full.yml default/core.entity_view_display.media.imag
e.hero_background_w_caption.yml default/core.entity_view_display.media.image.he
ro_background.yml default/core.entity_view_display.media.image.media_card.yml d
efault/core.entity_view_display.media.image.media_library.yml default/core.enti
ty_view_display.media.image.osu_orange_bottom.yml default/core.entity_view_disp
lay.media.kaltura.default.yml default/core.entity_view_display.media.kaltura.fr
ameless.yml default/core.entity_view_display.media.kaltura.media_card.yml defau
lt/core.entity_view_display.media.kaltura.media_library.yml default/core.entity
_view_display.media.kaltura.video_720.yml default/core.entity_view_display.medi
a.local_video.default.yml default/core.entity_view_display.media.local_video.me
dia_library.yml default/core.entity_view_display.media.remote_video.default.yml
 default/core.entity_view_display.media.remote_video.frameless.yml default/core
.entity_view_display.media.remote_video.media_card.yml default/core.entity_view
_display.media.remote_video.media_library.yml default/core.entity_view_display.
media.remote_video.video_720.yml default/core.entity_view_display.node.osu_prof
ile.default.yml default/core.entity_view_display.node.osu_profile.teaser.yml de
fault/core.entity_view_display.node.osu_simple_tabs.default.yml default/core.en
tity_view_display.node.osu_simple_tabs.full.yml default/core.entity_view_displa
y.node.osu_simple_tabs.simple_tab_content.yml default/core.entity_view_display.
node.osu_simple_tabs.teaser.yml default/core.entity_view_display.node.page.defa
ult.yml default/core.entity_view_display.node.page.teaser.yml default/core.enti
ty_view_display.node.story.default.yml default/core.entity_view_display.node.st
ory.teaser.yml default/core.entity_view_display.node.webform.default.yml defaul
t/core.entity_view_display.node.webform.teaser.yml default/core.entity_view_dis
play.paragraph.osu_accordion_item.default.yml default/core.entity_view_display.
paragraph.osu_accordion_section.default.yml default/core.entity_view_display.us
er.user.compact.yml default/core.entity_view_display.user.user.default.yml defa
ult/core.entity_view_mode.block_content.full_image.yml default/core.entity_view
_mode.block_content.full.yml default/core.entity_view_mode.block_content.token.
yml default/core.entity_view_mode.block.token.yml default/core.entity_view_mode
.feeds_feed.full.yml default/core.entity_view_mode.file.token.yml default/core.
entity_view_mode.media.1400x900.yml default/core.entity_view_mode.media.400x375
.yml default/core.entity_view_mode.media.800x450.yml default/core.entity_view_m
ode.media.fluid_image.yml default/core.entity_view_mode.media.frameless.yml def
ault/core.entity_view_mode.media.full.yml default/core.entity_view_mode.media.h
ero_background_w_caption.yml default/core.entity_view_mode.media.hero_backgroun
d.yml default/core.entity_view_mode.media.media_card.yml default/core.entity_vi
ew_mode.media.media_library.yml default/core.entity_view_mode.media.osu_orange_
bottom.yml default/core.entity_view_mode.media.token.yml default/core.entity_vi
ew_mode.media.video_720.yml default/core.entity_view_mode.menu_link_content.tok
en.yml default/core.entity_view_mode.node.full.yml default/core.entity_view_mod
e.node.rss.yml default/core.entity_view_mode.node.search_index.yml default/core
.entity_view_mode.node.search_result.yml default/core.entity_view_mode.node.sim
ple_tab_content.yml default/core.entity_view_mode.node.teaser.yml default/core.
entity_view_mode.node.token.yml default/core.entity_view_mode.paragraph.preview
.yml default/core.entity_view_mode.path_alias.token.yml default/core.entity_vie
w_mode.shortcut.token.yml default/core.entity_view_mode.taxonomy_term.full.yml 
default/core.entity_view_mode.taxonomy_term.token.yml default/core.entity_view_
mode.tour.token.yml default/core.entity_view_mode.user.compact.yml default/core
.entity_view_mode.user.full.yml default/core.entity_view_mode.user.token.yml de
fault/core.extension.yml default/core.menu.static_menu_link_overrides.yml defau
lt/crop.settings.yml default/crop.type.focal_point.yml default/date_ap_style.da
teapstylesettings.yml default/dropzonejs.settings.yml default/easy_breadcrumb.s
ettings.yml default/editor.editor.basic_html.yml default/editor.editor.full_htm
l.yml default/editor.editor.text_and_links.yml default/editor.editor.webform_de
fault.yml default/editoria11y.settings.yml default/exclude_node_title.settings.
yml default/feeds.settings.yml default/field.field.block_content.basic.body.yml
 default/field.field.block_content.osu_accordion.field_osu_paragraph_item.yml d
efault/field.field.block_content.osu_card.body.yml default/field.field.block_co
ntent.osu_card.field_osu_card_image.yml default/field.field.block_content.osu_c
ard.field_osu_card_link.yml default/field.field.block_content.osu_menu_bar_item
.field_osu_menu_bar_item_icon.yml default/field.field.block_content.osu_menu_ba
r_item.field_osu_menu_bar_item_link.yml default/field.field.block_content.parag
raph_block.body.yml default/field.field.block_content.paragraph_block.field_eb_
background_fc.yml default/field.field.block_content.paragraph_block.field_style
s.yml default/field.field.group.basic_group.field_hide_global_navigation.yml de
fault/field.field.group.basic_group.field_meta_tags.yml default/field.field.gro
up.basic_group.field_osu_group_meta_description.yml default/field.field.group.b
asic_group.field_osu_group_meta_image.yml default/field.field.group.basic_group
.layout_builder__layout.yml default/field.field.group_content.basic_group-group
_membership.group_roles.yml default/field.field.media.audio.field_media_file.ym
l default/field.field.media.document.field_media_file.yml default/field.field.m
edia.image.field_media_caption.yml default/field.field.media.image.field_media_
image.yml default/field.field.media.kaltura.field_media_oembed_video.yml defaul
t/field.field.media.local_video.field_media_file.yml default/field.field.media.
remote_video.field_media_oembed_video.yml default/field.field.node.osu_profile.
field_osu_organizations.yml default/field.field.node.osu_profile.field_profile_
address.yml default/field.field.node.osu_profile.field_profile_biography.yml de
fault/field.field.node.osu_profile.field_profile_credentials.yml default/field.
field.node.osu_profile.field_profile_curriculum_vitae.yml default/field.field.n
ode.osu_profile.field_profile_email.yml default/field.field.node.osu_profile.fi
eld_profile_first_name.yml default/field.field.node.osu_profile.field_profile_i
mage.yml default/field.field.node.osu_profile.field_profile_last_name.yml defau
lt/field.field.node.osu_profile.field_profile_middle_name.yml default/field.fie
ld.node.osu_profile.field_profile_office_phone.yml default/field.field.node.osu
_profile.field_profile_primary_title.yml default/field.field.node.osu_profile.f
ield_profile_pronouns.yml default/field.field.node.osu_simple_tabs.body.yml def
ault/field.field.node.osu_simple_tabs.field_simple_tab_column_left.yml default/
field.field.node.osu_simple_tabs.field_simple_tab_column_middle.yml default/fie
ld.field.node.osu_simple_tabs.field_simple_tab_column_right.yml default/field.f
ield.node.osu_simple_tabs.field_simple_tab_sort_weight.yml default/field.field.
node.osu_simple_tabs.field_simple_tabs_tags.yml default/field.field.node.page.b
ody.yml default/field.field.node.page.field_meta_tags.yml default/field.field.n
ode.page.field_osu_meta_image.yml default/field.field.node.page.layout_builder_
_layout.yml default/field.field.node.story.body.yml default/field.field.node.st
ory.field_meta_tags.yml default/field.field.node.story.field_osu_organizations.
yml default/field.field.node.story.field_osu_story_caption.yml default/field.fi
eld.node.story.field_osu_story_cover_image.yml default/field.field.node.story.f
ield_osu_story_external_url.yml default/field.field.node.story.field_tags.yml d
efault/field.field.node.story.layout_builder__layout.yml default/field.field.no
de.webform.body.yml default/field.field.node.webform.webform.yml default/field.
field.paragraph.osu_accordion_item.field_p_accordion_body.yml default/field.fie
ld.paragraph.osu_accordion_item.field_p_accordion_title.yml default/field.field
.paragraph.osu_accordion_section.field_osu_paragraph_item.yml default/field.fie
ld.paragraph.osu_accordion_section.field_p_accordion_heading.yml default/field.
field.user.user.user_picture.yml default/field.settings.yml default/field.stora
ge.block_content.body.yml default/field.storage.block_content.field_eb_backgrou
nd_fc.yml default/field.storage.block_content.field_osu_card_image.yml default/
field.storage.block_content.field_osu_card_link.yml default/field.storage.block
_content.field_osu_menu_bar_item_icon.yml default/field.storage.block_content.f
ield_osu_menu_bar_item_link.yml default/field.storage.block_content.field_osu_p
aragraph_item.yml default/field.storage.block_content.field_styles.yml default/
field.storage.group_content.group_roles.yml default/field.storage.group.field_h
ide_global_navigation.yml default/field.storage.group.field_meta_tags.yml defau
lt/field.storage.group.field_osu_group_meta_description.yml default/field.stora
ge.group.field_osu_group_meta_image.yml default/field.storage.group.layout_buil
der__layout.yml default/field.storage.media.field_media_caption.yml default/fie
ld.storage.media.field_media_file.yml default/field.storage.media.field_media_i
mage.yml default/field.storage.media.field_media_oembed_video.yml default/field
.storage.node.body.yml default/field.storage.node.field_meta_tags.yml default/f
ield.storage.node.field_osu_meta_image.yml default/field.storage.node.field_osu
_organizations.yml default/field.storage.node.field_osu_story_caption.yml defau
lt/field.storage.node.field_osu_story_cover_image.yml default/field.storage.nod
e.field_osu_story_external_url.yml default/field.storage.node.field_profile_add
ress.yml default/field.storage.node.field_profile_biography.yml default/field.s
torage.node.field_profile_credentials.yml default/field.storage.node.field_prof
ile_curriculum_vitae.yml default/field.storage.node.field_profile_email.yml def
ault/field.storage.node.field_profile_first_name.yml default/field.storage.node
.field_profile_image.yml default/field.storage.node.field_profile_last_name.yml
 default/field.storage.node.field_profile_middle_name.yml default/field.storage
.node.field_profile_office_phone.yml default/field.storage.node.field_profile_p
rimary_title.yml default/field.storage.node.field_profile_pronouns.yml default/
field.storage.node.field_simple_tab_column_left.yml default/field.storage.node.
field_simple_tab_column_middle.yml default/field.storage.node.field_simple_tab_
column_right.yml default/field.storage.node.field_simple_tab_sort_weight.yml de
fault/field.storage.node.field_simple_tabs_tags.yml default/field.storage.node.
field_tags.yml default/field.storage.node.layout_builder__layout.yml default/fi
eld.storage.node.webform.yml default/field.storage.paragraph.field_osu_paragrap
h_item.yml default/field.storage.paragraph.field_p_accordion_body.yml default/f
ield.storage.paragraph.field_p_accordion_heading.yml default/field.storage.para
graph.field_p_accordion_title.yml default/field.storage.user.user_picture.yml d
efault/field_ui.settings.yml default/file_mdm_exif.file_metadata_plugin.exif.ym
l default/file_mdm.file_metadata_plugin.getimagesize.yml default/file_mdm_font.
file_metadata_plugin.font.yml default/file_mdm.settings.yml default/file.settin
gs.yml default/filter.format.basic_html.yml default/filter.format.full_html.yml
 default/filter.format.plain_text.yml default/filter.format.restricted_html.yml
 default/filter.format.text_and_links.yml default/filter.format.webform_default
.yml default/filter.settings.yml default/focal_point.settings.yml default/fonta
wesome.settings.yml default/google_analytics.settings.yml default/google_tag.se
ttings.yml default/group_content_menu.group_content_menu_type.group.yml default
/group.content_type.basic_group-group_membership.yml default/group.content_type
.basic_group-group_node-page.yml default/group.content_type.group_content_type_
0903efc098d94.yml default/group.role.basic_group-admin.yml default/group.role.b
asic_group-anonymous.yml default/group.role.basic_group-architect.yml default/g
roup.role.basic_group-content_author.yml default/group.role.basic_group-dx_admi
nistrator.yml default/group.role.basic_group-member.yml default/group.role.basi
c_group-outsider.yml default/group.settings.yml default/group.type.basic_group.
yml default/honeypot.settings.yml default/image_effects.settings.yml default/im
agemagick.file_metadata_plugin.imagemagick_identify.yml default/imagemagick.set
tings.yml default/image.settings.yml default/image.style.1400x900.yml default/i
mage.style.400x375.yml default/image.style.800x450.yml default/image.style.face
book_1200x.yml default/image.style.fluid_webp.yml default/image.style.hero_back
ground_style.yml default/image.style.large.yml default/image.style.linkit_resul
t_thumbnail.yml default/image.style.media_library.yml default/image.style.mediu
m.yml default/image.style.profile_image.yml default/image.style.thumbnail.yml d
efault/image.style.twitter_300x157.yml default/image.style.wide.yml default/ima
ge.style.x_large_scale_crop.yml default/image.style.x_large.yml default/layout_
builder_component_attributes.settings.yml default/libraries.settings.yml defaul
t/linkit.linkit_profile.default.yml default/linkpurpose.settings.yml default/ma
drone.settings.yml default/media_bulk_upload.media_bulk_config.bulk_image.yml d
efault/media_library.settings.yml default/media.settings.yml default/media.type
.audio.yml default/media.type.document.yml default/media.type.image.yml default
/media.type.kaltura.yml default/media.type.local_video.yml default/media.type.r
emote_video.yml default/menu_ui.settings.yml default/metatag.metatag_defaults.4
03.yml default/metatag.metatag_defaults.404.yml default/metatag.metatag_default
s.front.yml default/metatag.metatag_defaults.global.yml default/metatag.metatag
_defaults.group.yml default/metatag.metatag_defaults.node__osu_profile.yml defa
ult/metatag.metatag_defaults.node__page.yml default/metatag.metatag_defaults.no
de__story.yml default/metatag.metatag_defaults.node.yml default/metatag.metatag
_defaults.taxonomy_term.yml default/metatag.metatag_defaults.user.yml default/m
etatag.settings.yml default/migrate_drupal.settings.yml default/migrate_plus.mi
gration.book_to_page.yml default/migrate_plus.migration_group.content.yml defau
lt/migrate_plus.migration_group.default.yml default/migrate_plus.migration_grou
p.insert_users.yml default/migrate_plus.migration_group.osu_groups.yml default/
migrate_plus.migration_group.paragraphs_to_layout_builder.yml default/migrate_p
lus.migration.page_to_page.yml default/migrate_plus.migration.paragraph_1_col_c
lean__to__layout_builder.yml default/migrate_plus.migration.paragraph_1_col__to
__layout_builder.yml default/migrate_plus.migration.paragraph_2_col_left__to__l
ayout_builder.yml default/migrate_plus.migration.paragraph_2_col_right__to__lay
out_builder.yml default/migrate_plus.migration.paragraph_3_col_center__to__layo
ut_builder.yml default/migrate_plus.migration.paragraph_3_col_left__to__layout_
builder.yml default/migrate_plus.migration.paragraph_3_col_right__to__layout_bu
ilder.yml default/migrate_plus.migration.paragraph_accordion__to__layout_builde
r.yml default/migrate_plus.migration.paragraph_alert__to__layout_builder.yml de
fault/migrate_plus.migration.paragraph_divider__to__layout_builder.yml default/
migrate_plus.migration.paragraph_menu__to__layout_builder.yml default/module_fi
lter.settings.yml default/node_revision_delete.settings.yml default/node.settin
gs.yml default/node.type.osu_profile.yml default/node.type.osu_simple_tabs.yml 
default/node.type.page.yml default/node.type.story.yml default/node.type.webfor
m.yml default/oembed_providers.bucket.kaltura.yml default/oembed_providers.prov
ider.osu_mediaspace.yml default/oembed_providers.settings.yml default/paragraph
s.paragraphs_type.osu_accordion_item.yml default/paragraphs.paragraphs_type.osu
_accordion_section.yml default/paragraphs.settings.yml default/pathauto.pattern
.default_path_pattern_applies_to_all_content_types_with_blank_patterns_below.ym
l default/pathauto.pattern.default_path_pattern_applies_to_all_vocabularies_wit
h_blank_patterns_below.yml default/pathauto.pattern.group_content.yml default/p
athauto.pattern.group_pages.yml default/pathauto.pattern.osu_profile_node.yml d
efault/pathauto.pattern.pattern_for_all_basic_page_paths.yml default/pathauto.p
attern.pattern_for_user_account_page_paths.yml default/pathauto.pattern.story_c
ontent_type.yml default/pathauto.settings.yml default/purge_file.settings.yml d
efault/purge.logger_channels.yml default/purge.plugins.yml default/purge_queuer
_coretags.settings.yml default/recaptcha.settings.yml default/redirect.settings
.yml default/responsive_preview.device.galaxy_s9.yml default/responsive_preview
.device.galaxy_tab_s4.yml default/responsive_preview.device.ipad_pro.yml defaul
t/responsive_preview.device.iphone_xs_max.yml default/responsive_preview.device
.iphone_xs.yml default/responsive_preview.device.large.yml default/responsive_p
review.device.medium.yml default/responsive_preview.device.small.yml default/se
arch.page.google_cse_search.yml default/search.page.help_search.yml default/sea
rch.page.node_search.yml default/search.page.user_search.yml default/search.set
tings.yml default/seckit.settings.yml default/shortcut.set.default.yml default/
sitewide_alert.settings.yml default/smart_date.smart_date_format.compact.yml de
fault/smart_date.smart_date_format.date_only.yml default/smart_date.smart_date_
format.default.yml default/smart_date.smart_date_format.time_only.yml default/s
ophron.settings.yml default/syslog.settings.yml default/system.action.feeds_fee
d_clear_action.yml default/system.action.feeds_feed_delete_action.yml default/s
ystem.action.feeds_feed_import_action.yml default/system.action.media_delete_ac
tion.yml default/system.action.media_edit_action.yml default/system.action.medi
a_publish_action.yml default/system.action.media_save_action.yml default/system
.action.media_unpublish_action.yml default/system.action.node_delete_action.yml
 default/system.action.node_edit_action.yml default/system.action.node_make_sti
cky_action.yml default/system.action.node_make_unsticky_action.yml default/syst
em.action.node_promote_action.yml default/system.action.node_publish_action.yml
 default/system.action.node_save_action.yml default/system.action.node_unpromot
e_action.yml default/system.action.node_unpublish_action.yml default/system.act
ion.pathauto_update_alias_node.yml default/system.action.pathauto_update_alias_
user.yml default/system.action.redirect_delete_action.yml default/system.action
.taxonomy_term_edit_action.yml default/system.action.taxonomy_term_publish_acti
on.yml default/system.action.taxonomy_term_unpublish_action.yml default/system.
action.user_add_role_action.administrator.yml default/system.action.user_add_ro
le_action.alert_author.yml default/system.action.user_add_role_action.architect
.yml default/system.action.user_add_role_action.content_authors.yml default/sys
tem.action.user_add_role_action.dx_administrator.yml default/system.action.user
_add_role_action.group_content_author.yml default/system.action.user_add_role_a
ction.manage_asset_injector.yml default/system.action.user_add_role_action.mana
ge_blocks.yml default/system.action.user_add_role_action.manage_content.yml def
ault/system.action.user_add_role_action.manage_layout_templates.yml default/sys
tem.action.user_add_role_action.manage_menus.yml default/system.action.user_add
_role_action.manage_site_configuration.yml default/system.action.user_add_role_
action.manage_taxonomy.yml default/system.action.user_add_role_action.manage_us
ers.yml default/system.action.user_add_role_action.manage_webforms.yml default/
system.action.user_block_user_action.yml default/system.action.user_cancel_user
_action.yml default/system.action.user_edit_action.yml default/system.action.us
er_remove_role_action.administrator.yml default/system.action.user_remove_role_
action.alert_author.yml default/system.action.user_remove_role_action.architect
.yml default/system.action.user_remove_role_action.content_authors.yml default/
system.action.user_remove_role_action.dx_administrator.yml default/system.actio
n.user_remove_role_action.group_content_author.yml default/system.action.user_r
emove_role_action.manage_asset_injector.yml default/system.action.user_remove_r
ole_action.manage_blocks.yml default/system.action.user_remove_role_action.mana
ge_content.yml default/system.action.user_remove_role_action.manage_layout_temp
lates.yml default/system.action.user_remove_role_action.manage_menus.yml defaul
t/system.action.user_remove_role_action.manage_site_configuration.yml default/s
ystem.action.user_remove_role_action.manage_taxonomy.yml default/system.action.
user_remove_role_action.manage_users.yml default/system.action.user_remove_role
_action.manage_webforms.yml default/system.action.user_unblock_user_action.yml 
default/system.action.webform_archive_action.yml default/system.action.webform_
close_action.yml default/system.action.webform_delete_action.yml default/system
.action.webform_open_action.yml default/system.action.webform_submission_delete
_action.yml default/system.action.webform_submission_make_lock_action.yml defau
lt/system.action.webform_submission_make_sticky_action.yml default/system.actio
n.webform_submission_make_unlock_action.yml default/system.action.webform_submi
ssion_make_unsticky_action.yml default/system.action.webform_unarchive_action.y
ml default/system.advisories.yml default/system.cron.yml default/system.date.ym
l default/system.diff.yml default/system.feature_flags.yml default/system.file.
yml default/system.image.gd.yml default/system.image.yml default/system.logging
.yml default/system.mail.yml default/system.maintenance.yml default/system.menu
.account.yml default/system.menu.admin.yml default/system.menu.footer.yml defau
lt/system.menu.main.yml default/system.menu.menu-nice-menu-3.yml default/system
.menu.osu-top-hat.yml default/system.menu.tools.yml default/system.performance.
yml default/system.rss.yml default/system.site.yml default/system.theme.global.
yml default/system.theme.yml default/taxonomy.settings.yml default/taxonomy.voc
abulary.functional_groups.yml default/taxonomy.vocabulary.group_types.yml defau
lt/taxonomy.vocabulary.majors_graduate.yml default/taxonomy.vocabulary.majors_u
ndergraduate.yml default/taxonomy.vocabulary.osu_group_membership.yml default/t
axonomy.vocabulary.osu_organization.yml default/taxonomy.vocabulary.simple_tabs
_content.yml default/taxonomy.vocabulary.tags.yml default/text.settings.yml def
ault/tour.settings.yml default/tour.tour.honeypot.yml default/tour.tour.tip_edi
t.yml default/tour.tour.tour_edit.yml default/tour.tour.tours.yml default/user.
flood.yml default/user.mail.yml default/user.role.administrator.yml default/use
r.role.alert_author.yml default/user.role.anonymous.yml default/user.role.archi
tect.yml default/user.role.authenticated.yml default/user.role.content_authors.
yml default/user.role.dx_administrator.yml default/user.role.group_content_auth
or.yml default/user.role.manage_asset_injector.yml default/user.role.manage_blo
cks.yml default/user.role.manage_content.yml default/user.role.manage_layout_te
mplates.yml default/user.role.manage_menus.yml default/user.role.manage_site_co
nfiguration.yml default/user.role.manage_taxonomy.yml default/user.role.manage_
users.yml default/user.role.manage_webforms.yml default/user.settings.yml defau
lt/views.settings.yml default/views.view.archive.yml default/views.view.authmap
.yml default/views.view.block_content.yml default/views.view.content_recent.yml
 default/views.view.content.yml default/views.view.editoria11y_dismissals.yml d
efault/views.view.editoria11y_results.yml default/views.view.feeds_feed.yml def
ault/views.view.files.yml default/views.view.frontpage.yml default/views.view.g
lossary.yml default/views.view.group_members.yml default/views.view.group_nodes
.yml default/views.view.media_library.yml default/views.view.media.yml default/
views.view.osu_simple_tabs.yml default/views.view.osu_stories.yml default/views
.view.profile.yml default/views.view.redirect.yml default/views.view.section_li
brary.yml default/views.view.taxonomy_term.yml default/views.view.user_admin_pe
ople.yml default/views.view.webform_submissions.yml default/views.view.who_s_ne
w.yml default/views.view.who_s_online.yml default/webform.settings.yml default/
webform.webform.contact.yml default/webform.webform_options.country_codes.yml d
efault/webform.webform_options.country_names.yml default/webform.webform_option
s.days.yml default/webform.webform_options.education.yml default/webform.webfor
m_options.employment_status.yml default/webform.webform_options.ethnicity.yml d
efault/webform.webform_options.gender.yml default/webform.webform_options.indus
try.yml default/webform.webform_options.languages.yml default/webform.webform_o
ptions.likert_agreement.yml default/webform.webform_options.likert_comparison.y
ml default/webform.webform_options.likert_importance.yml default/webform.webfor
m_options.likert_quality.yml default/webform.webform_options.likert_satisfactio
n.yml default/webform.webform_options.likert_ten_scale.yml default/webform.webf
orm_options.likert_would_you.yml default/webform.webform_options.marital_status
.yml default/webform.webform_options.months.yml default/webform.webform_options
.phone_types.yml default/webform.webform_options.province_codes.yml default/web
form.webform_options.province_names.yml default/webform.webform_options.relatio
nship.yml default/webform.webform_options.sex_icao.yml default/webform.webform_
options.sex.yml default/webform.webform_options.size.yml default/webform.webfor
m_options.state_codes.yml default/webform.webform_options.state_names.yml defau
lt/webform.webform_options.state_province_codes.yml default/webform.webform_opt
ions.state_province_names.yml default/webform.webform_options.time_zones.yml de
fault/webform.webform_options.titles.yml default/webform.webform_options.transl
ations.yml default/webform.webform_options.yes_no.yml default/xmlsitemap.settin
gs.group.basic_group.yml default/xmlsitemap.settings.node.osu_profile.yml defau
lt/xmlsitemap.settings.node.page.yml default/xmlsitemap.settings.node.story.yml
 default/xmlsitemap.settings.yml default/xmlsitemap.xmlsitemap.NXhscRe0440PFpI5
dSznEVgmauL25KojD7u4e9aZwOM.yml .
(default/acquia_connector.settings.yml
>> _core
! Isolated expression.
<to be read again> 
                   :
l.1 _core:
          
? 
! Extra tokens will be flushed.
<to be read again> 
                   :
l.1 _core:
          
? 
! Emergency stop.
<to be read again> 
                   :
l.1 _core:
          
End of file on the terminal!


